[2025-09-30T21:03:06.369] [debug] myLog - (msg: start of test) lne(<anonymous>(): tests/run_function.js:47:8)
[2025-09-30T21:03:06.381] [info] myLog - (msg: {"name":"group-1","event":{"event":"refresh","id":1}}) lne(callback(): tests/run_function.js:72:16)
[2025-09-30T21:03:06.382] [trace] myLog - (msg: msg: Refresh id (1). This is function run_refresh. Do something here.) lne(function(): tests/run_function.js:51:12)
[2025-09-30T21:03:06.382] [info] myLog - (msg: {"name":"group-2","event":{"event":"refresh","id":2}}) lne(callback(): tests/run_function.js:72:16)
[2025-09-30T21:03:06.388] [trace] myLog - (msg: msg: Refresh id (2). This is function another_refresh. Do something here.) lne(function(): tests/run_function.js:56:12)
[2025-09-30T21:03:06.389] [info] myLog - (msg: {"name":"group-3","event":{"event":"refresh","id":3}}) lne(callback(): tests/run_function.js:72:16)
[2025-09-30T21:03:06.390] [trace] myLog - (msg: msg: Refresh id (3). This is function run_refresh. Do something here.) lne(function(): tests/run_function.js:51:12)
[2025-09-30T21:03:06.401] [info] myLog - (msg: success done) lne(success_callback(): tests/run_function.js:68:16)
[2025-10-01T19:52:09.075] [debug] myLog - (msg: start of test) lne(<anonymous>(): tests/basic.js:47:8)
[2025-10-01T19:52:09.078] [info] myLog - (msg: {"name":"group-1","event":{"event":"refresh","id":1}}) lne(callback(): tests/basic.js:62:16)
[2025-10-01T19:52:09.108] [info] myLog - (msg: {"name":"group-1","event":{"event":"two","id":2}}) lne(callback(): tests/basic.js:62:16)
[2025-10-01T19:52:09.111] [info] myLog - (msg: {"name":"group-2","event":{"event":"one","id":1}}) lne(callback(): tests/basic.js:62:16)
[2025-10-01T19:52:09.112] [info] myLog - (msg: {"name":"group-2","event":{"event":"two","id":2}}) lne(callback(): tests/basic.js:62:16)
[2025-10-01T19:52:09.119] [info] myLog - (msg: {"name":"group-2","event":{"event":"refresh","id":3}}) lne(callback(): tests/basic.js:62:16)
[2025-10-01T19:52:09.127] [info] myLog - (msg: {"name":"group-3","event":{"event":"refresh","id":1}}) lne(callback(): tests/basic.js:62:16)
[2025-10-01T19:52:09.136] [info] myLog - (msg: success done) lne(success_callback(): tests/basic.js:58:16)
[2025-10-01T19:52:20.537] [debug] myLog - (msg: start of test) lne(<anonymous>(): tests/run_function.js:48:8)
[2025-10-01T19:52:20.540] [info] myLog - (msg: {"name":"group-1","event":{"event":"refresh","id":1}}) lne(callback(): tests/run_function.js:73:16)
[2025-10-01T19:52:20.543] [trace] myLog - (msg: msg: Refresh id (1). This is function run_refresh. Do something here.) lne(function(): tests/run_function.js:52:12)
[2025-10-01T19:52:20.544] [info] myLog - (msg: {"name":"group-2","event":{"event":"refresh","id":2}}) lne(callback(): tests/run_function.js:73:16)
[2025-10-01T19:52:20.545] [trace] myLog - (msg: msg: Refresh id (2). This is function another_refresh. Do something here.) lne(function(): tests/run_function.js:57:12)
[2025-10-01T19:52:20.545] [info] myLog - (msg: {"name":"group-3","event":{"event":"refresh","id":3}}) lne(callback(): tests/run_function.js:73:16)
[2025-10-01T19:52:20.547] [trace] myLog - (msg: msg: Refresh id (3). This is function run_refresh. Do something here.) lne(function(): tests/run_function.js:52:12)
[2025-10-01T19:52:20.550] [info] myLog - (msg: success done) lne(success_callback(): tests/run_function.js:69:16)
[2025-10-01T20:16:10.570] [debug] myLog - (msg: start of test) lne(<anonymous>(): tests/run_function.js:48:8)
[2025-10-01T20:16:10.573] [info] myLog - (msg: {"name":"group-1","event":{"event":"refresh","id":1}}) lne(callback(): tests/run_function.js:73:16)
[2025-10-01T20:16:10.574] [trace] myLog - (msg: msg: Refresh id (1). This is function run_refresh. Do something here.) lne(function(): tests/run_function.js:52:12)
[2025-10-01T20:16:10.576] [info] myLog - (msg: {"name":"group-2","event":{"event":"refresh","id":2}}) lne(callback(): tests/run_function.js:73:16)
[2025-10-01T20:16:10.577] [trace] myLog - (msg: msg: Refresh id (2). This is function another_refresh. Do something here.) lne(function(): tests/run_function.js:57:12)
[2025-10-01T20:16:10.578] [info] myLog - (msg: {"name":"group-3","event":{"event":"refresh","id":3}}) lne(callback(): tests/run_function.js:73:16)
[2025-10-01T20:16:10.581] [trace] myLog - (msg: msg: Refresh id (3). This is function run_refresh. Do something here.) lne(function(): tests/run_function.js:52:12)
[2025-10-01T20:16:10.583] [info] myLog - (msg: success done) lne(success_callback(): tests/run_function.js:69:16)
[2025-10-02T18:04:45.389] [debug] myLog - (msg: start of test) lne(<anonymous>(): tests/run_function.js:48:8)
[2025-10-02T18:04:45.392] [info] myLog - (msg: {"name":"group-1","event":{"event":"refresh","id":1}}) lne(callback(): tests/run_function.js:73:16)
[2025-10-02T18:04:45.396] [trace] myLog - (msg: msg: Refresh id (1). This is function run_refresh. Do something here.) lne(function(): tests/run_function.js:52:12)
[2025-10-02T18:04:45.397] [info] myLog - (msg: {"name":"group-2","event":{"event":"refresh","id":2}}) lne(callback(): tests/run_function.js:73:16)
[2025-10-02T18:04:45.400] [trace] myLog - (msg: msg: Refresh id (2). This is function another_refresh. Do something here.) lne(function(): tests/run_function.js:57:12)
[2025-10-02T18:04:45.401] [info] myLog - (msg: {"name":"group-3","event":{"event":"refresh","id":3}}) lne(callback(): tests/run_function.js:73:16)
[2025-10-02T18:04:45.402] [trace] myLog - (msg: msg: Refresh id (3). This is function run_refresh. Do something here.) lne(function(): tests/run_function.js:52:12)
[2025-10-02T18:04:45.413] [info] myLog - (msg: success done) lne(success_callback(): tests/run_function.js:69:16)
